7/10/2020 10:00:29 AM	This log contains information about the import schema operation into project 'Voyage.Database' on computer 'DESKTOP-OCBBFRN' by user 'Pao Thao'.
7/10/2020 10:00:29 AM	Import of database schema has started.
7/10/2020 10:00:35 AM	Gathering database credentials
7/10/2020 10:00:35 AM	Gathering database options
7/10/2020 10:00:35 AM	Gathering generic database scoped configuration option
7/10/2020 10:00:35 AM	Gathering users
7/10/2020 10:00:35 AM	Gathering roles
7/10/2020 10:00:35 AM	Gathering application roles
7/10/2020 10:00:35 AM	Gathering role memberships
7/10/2020 10:00:35 AM	Gathering filegroups
7/10/2020 10:00:35 AM	Gathering full-text catalogs
7/10/2020 10:00:35 AM	Gathering assemblies
7/10/2020 10:00:35 AM	Gathering certificates
7/10/2020 10:00:35 AM	Gathering asymmetric keys
7/10/2020 10:00:35 AM	Gathering symmetric keys
7/10/2020 10:00:35 AM	Gathering encrypted symmetric keys
7/10/2020 10:00:35 AM	Gathering schemas
7/10/2020 10:00:35 AM	Gathering XML schema collections
7/10/2020 10:00:35 AM	Gathering user-defined data types
7/10/2020 10:00:35 AM	Gathering user-defined types
7/10/2020 10:00:35 AM	Gathering table types
7/10/2020 10:00:35 AM	Gathering unique keys for table types
7/10/2020 10:00:35 AM	Gathering primary keys for table types
7/10/2020 10:00:35 AM	Gathering indexes for table types
7/10/2020 10:00:35 AM	Gathering check constraints for table types
7/10/2020 10:00:35 AM	Gathering default constraints for table types
7/10/2020 10:00:35 AM	Gathering partition functions
7/10/2020 10:00:35 AM	Gathering partition schemes
7/10/2020 10:00:35 AM	Gathering functions
7/10/2020 10:00:35 AM	Gathering encrypted functions
7/10/2020 10:00:35 AM	Gathering aggregates
7/10/2020 10:00:35 AM	Gathering procedures
7/10/2020 10:00:35 AM	Gathering encrypted procedures
7/10/2020 10:00:35 AM	Gathering tables
7/10/2020 10:00:35 AM	Gathering primary keys
7/10/2020 10:00:35 AM	Gathering unique constraints
7/10/2020 10:00:35 AM	Gathering foreign keys
7/10/2020 10:00:35 AM	Gathering default constraints
7/10/2020 10:00:36 AM	Gathering check constraints
7/10/2020 10:00:36 AM	Gathering views
7/10/2020 10:00:36 AM	Gathering encrypted views
7/10/2020 10:00:36 AM	Gathering indexes
7/10/2020 10:00:36 AM	Gathering statistics
7/10/2020 10:00:36 AM	Gathering full-text index stoplists
7/10/2020 10:00:36 AM	Gathering search property lists
7/10/2020 10:00:36 AM	Gathering search properties
7/10/2020 10:00:36 AM	Gathering full-text indexes
7/10/2020 10:00:36 AM	Gathering column store indexes
7/10/2020 10:00:36 AM	Gathering spatial indexes
7/10/2020 10:00:36 AM	Gathering XML indexes
7/10/2020 10:00:36 AM	Gathering Selective XML indexes
7/10/2020 10:00:36 AM	Gathering encrypted triggers
7/10/2020 10:00:36 AM	Gathering triggers
7/10/2020 10:00:36 AM	Gathering encrypted and clr ddl triggers
7/10/2020 10:00:36 AM	Gathering ddl triggers
7/10/2020 10:00:36 AM	Gathering synonyms
7/10/2020 10:00:36 AM	Gathering defaults
7/10/2020 10:00:36 AM	Gathering data constraint uddt bindings
7/10/2020 10:00:36 AM	Gathering rules
7/10/2020 10:00:36 AM	Gathering data constraint uddt bindings
7/10/2020 10:00:36 AM	Gathering message types
7/10/2020 10:00:36 AM	Gathering queues
7/10/2020 10:00:36 AM	Gathering contracts
7/10/2020 10:00:36 AM	Gathering services
7/10/2020 10:00:36 AM	Gathering event notifications
7/10/2020 10:00:36 AM	Gathering remote service bindings
7/10/2020 10:00:36 AM	Gathering broker priorities
7/10/2020 10:00:36 AM	Gathering signatures
7/10/2020 10:00:36 AM	Gathering data compression options
7/10/2020 10:00:36 AM	Gathering sequence types
7/10/2020 10:00:36 AM	Gathering security policies
7/10/2020 10:00:36 AM	Gather column encryption keys
7/10/2020 10:00:36 AM	Gathering column master keys
7/10/2020 10:00:36 AM	Gathering external data sources
7/10/2020 10:00:36 AM	Gathering external file formats
7/10/2020 10:00:36 AM	Gathering external tables
7/10/2020 10:00:36 AM	Gathering extended properties
7/10/2020 10:00:36 AM	Gathering credentials
7/10/2020 10:00:36 AM	Gathering logins
7/10/2020 10:00:36 AM	Gathering server audits
7/10/2020 10:00:36 AM	Scanning project for duplicate elements
7/10/2020 10:00:37 AM	Finished duplicate element processing
7/10/2020 10:00:38 AM	Finished importing database.
7/10/2020 10:00:38 AM	A summary of the import was saved to the following location: C:\repos\voyage-api-dotnet-core\Voyage\Voyage.Database\Import Schema Logs\Voyage.Database_20200710030029.log
7/10/2020 10:00:38 AM	Click Finish to continue...
